<?xml version="1.0" encoding="UTF-8"?>
<!-- Generated by org.testng.reporters.JUnitReportReporter -->
<testsuite hostname="CBT-MH-000" name="ListTweetsofUser" tests="1" failures="0" timestamp="23 Oct 2019 11:02:24 GMT" time="41.539" errors="0">
  <testcase name="searchTweet" time="41.539" classname="ListTweetsofUser"/>
</testsuite> <!-- ListTweetsofUser -->
