<?xml version="1.0" encoding="UTF-8"?>
<!-- Generated by org.testng.reporters.JUnitReportReporter -->
<testsuite hostname="CBT-MH-000" name="DisplayingUsername" tests="1" failures="0" timestamp="23 Oct 2019 10:12:02 GMT" time="36.454" errors="0">
  <testcase name="searchTweet" time="36.454" classname="DisplayingUsername"/>
</testsuite> <!-- DisplayingUsername -->
