<?xml version="1.0" encoding="UTF-8"?>
<!-- Generated by org.testng.reporters.JUnitReportReporter -->
<testsuite hostname="CBT-MH-000" name="src1.BlockUser" tests="1" failures="0" timestamp="25 Oct 2019 05:17:29 GMT" time="1.358" errors="0">
  <testcase name="block" time="1.358" classname="src1.BlockUser"/>
</testsuite> <!-- src1.BlockUser -->
