<?xml version="1.0" encoding="UTF-8"?>
<!-- Generated by org.testng.reporters.JUnitReportReporter -->
<testsuite hostname="CBT-MH-000" name="src1.TrendingHashTags" tests="1" failures="0" timestamp="25 Oct 2019 05:17:29 GMT" time="5.913" errors="0">
  <testcase name="DisplayHashtag" time="5.913" classname="src1.TrendingHashTags"/>
</testsuite> <!-- src1.TrendingHashTags -->
