<?xml version="1.0" encoding="UTF-8"?>
<!-- Generated by org.testng.reporters.JUnitReportReporter -->
<testsuite hostname="CBT-MH-000" name="src1.ListTweetsofUser" tests="1" failures="0" timestamp="25 Oct 2019 05:17:29 GMT" time="6.473" errors="0">
  <testcase name="TweetsList" time="6.473" classname="src1.ListTweetsofUser"/>
</testsuite> <!-- src1.ListTweetsofUser -->
