<?xml version="1.0" encoding="UTF-8"?>
<!-- Generated by org.testng.reporters.JUnitReportReporter -->
<testsuite hostname="CBT-MH-000" name="src1.DisplayingUsername" tests="1" failures="0" timestamp="25 Oct 2019 05:17:29 GMT" time="0.849" errors="0">
  <testcase name="username" time="0.849" classname="src1.DisplayingUsername"/>
</testsuite> <!-- src1.DisplayingUsername -->
