<?xml version="1.0" encoding="UTF-8"?>
<!-- Generated by org.testng.reporters.JUnitReportReporter -->
<testsuite hostname="CBT-MH-000" name="CreatingTweet" tests="1" failures="0" timestamp="23 Oct 2019 10:30:01 GMT" time="4.227" errors="0">
  <testcase name="createTweet" time="4.227" classname="CreatingTweet"/>
</testsuite> <!-- CreatingTweet -->
