<?xml version="1.0" encoding="UTF-8"?>
<!-- Generated by org.testng.reporters.JUnitReportReporter -->
<testsuite hostname="CBT-MH-000" name="src1.WeatherUpdate" tests="1" failures="0" timestamp="25 Oct 2019 05:17:29 GMT" time="1.155" errors="0">
  <testcase name="weatherTweet" time="1.155" classname="src1.WeatherUpdate"/>
</testsuite> <!-- src1.WeatherUpdate -->
