<?xml version="1.0" encoding="UTF-8"?>
<!-- Generated by org.testng.reporters.JUnitReportReporter -->
<testsuite hostname="CBT-MH-000" name="TrendingHashTags" tests="1" failures="0" timestamp="23 Oct 2019 11:30:50 GMT" time="54.561" errors="0">
  <testcase name="DisplayHashtag" time="54.561" classname="TrendingHashTags"/>
</testsuite> <!-- TrendingHashTags -->
