<?xml version="1.0" encoding="UTF-8"?>
<!-- Generated by org.testng.reporters.JUnitReportReporter -->
<testsuite hostname="CBT-MH-000" name="src1.SearchTweet" tests="1" failures="0" timestamp="25 Oct 2019 05:17:29 GMT" time="1.254" errors="0">
  <testcase name="searchTweet" time="1.254" classname="src1.SearchTweet"/>
</testsuite> <!-- src1.SearchTweet -->
